This file contains any messages produced by compilers while
running configure, to aid debugging if configure makes a mistake.

It was created by configure, which was
generated by GNU Autoconf 2.59.  Invocation command line was

  $ ./configure 

## --------- ##
## Platform. ##
## --------- ##

hostname = pal-nat186-16-175.itap.purdue.edu
uname -m = x86_64
uname -r = 16.1.0
uname -s = Darwin
uname -v = Darwin Kernel Version 16.1.0: Wed Oct 19 20:31:56 PDT 2016; root:xnu-3789.21.4~4/RELEASE_X86_64

/usr/bin/uname -p = i386
/bin/uname -X     = unknown

/bin/arch              = unknown
/usr/bin/arch -k       = unknown
/usr/convex/getsysinfo = unknown
hostinfo               = Mach kernel version:
	 Darwin Kernel Version 16.1.0: Wed Oct 19 20:31:56 PDT 2016; root:xnu-3789.21.4~4/RELEASE_X86_64
Kernel configured for up to 8 processors.
4 processors are physically available.
8 processors are logically available.
Processor type: x86_64h (Intel x86-64h Haswell)
Processors active: 0 1 2 3 4 5 6 7
Primary memory available: 16.00 gigabytes
Default processor set: 404 tasks, 1954 threads, 8 processors
Load average: 3.69, Mach factor: 4.30
/bin/machine           = unknown
/usr/bin/oslevel       = unknown
/bin/universe          = unknown

PATH: /Users/barret/Dropbox/bin/MMX
PATH: /Users/barret/Dropbox/bin/Purdue
PATH: /Users/barret/Dropbox/bin/R
PATH: /Users/barret/Dropbox/bin/Sublime
PATH: /Users/barret/Dropbox/bin/atom
PATH: /Users/barret/Dropbox/bin/ec2
PATH: /Users/barret/Dropbox/bin/galaxy
PATH: /Users/barret/Dropbox/bin/ghap
PATH: /Users/barret/Dropbox/bin/git
PATH: /Users/barret/Dropbox/bin/gitold
PATH: /Users/barret/Dropbox/bin/hadoop
PATH: /Users/barret/Dropbox/bin/homeDot
PATH: /Users/barret/Dropbox/bin/load_env
PATH: /Users/barret/Dropbox/bin/markdown
PATH: /Users/barret/Dropbox/bin/misc
PATH: /Users/barret/Dropbox/bin/mupen64plus
PATH: /Users/barret/Dropbox/bin/nodejs
PATH: /Users/barret/Dropbox/bin/spark
PATH: /Users/barret/Dropbox/bin/z_brew
PATH: /usr/local/bin
PATH: /usr/bin
PATH: /bin
PATH: /usr/sbin
PATH: /sbin
PATH: /Library/TeX/texbin
PATH: /usr/local/textlive/2016/bin/universal-darwin


## ----------- ##
## Core tests. ##
## ----------- ##

configure:1265: checking for pkg-config
configure:1283: found /usr/local/bin/pkg-config
configure:1295: result: /usr/local/bin/pkg-config
configure:1394: checking for gcc
configure:1410: found /usr/bin/gcc
configure:1420: result: gcc
configure:1664: checking for C compiler version
configure:1667: gcc --version </dev/null >&5
Configured with: --prefix=/Library/Developer/CommandLineTools/usr --with-gxx-include-dir=/usr/include/c++/4.2.1
Apple LLVM version 8.0.0 (clang-800.0.42.1)
Target: x86_64-apple-darwin16.1.0
Thread model: posix
InstalledDir: /Library/Developer/CommandLineTools/usr/bin
configure:1670: $? = 0
configure:1672: gcc -v </dev/null >&5
Configured with: --prefix=/Library/Developer/CommandLineTools/usr --with-gxx-include-dir=/usr/include/c++/4.2.1
Apple LLVM version 8.0.0 (clang-800.0.42.1)
Target: x86_64-apple-darwin16.1.0
Thread model: posix
InstalledDir: /Library/Developer/CommandLineTools/usr/bin
configure:1675: $? = 0
configure:1677: gcc -V </dev/null >&5
clang: error: argument to '-V' is missing (expected 1 value)
clang: error: no input files
configure:1680: $? = 1
configure:1703: checking for C compiler default output file name
configure:1706: gcc -UNDEBUG -Wall -pedantic -g -O0 -I/usr/local/Cellar/fftw/3.3.5/include  conftest.c  >&5
configure:1709: $? = 0
configure:1755: result: a.out
configure:1760: checking whether the C compiler works
configure:1766: ./a.out
configure:1769: $? = 0
configure:1786: result: yes
configure:1793: checking whether we are cross compiling
configure:1795: result: no
configure:1798: checking for suffix of executables
configure:1800: gcc -o conftest -UNDEBUG -Wall -pedantic -g -O0 -I/usr/local/Cellar/fftw/3.3.5/include  conftest.c  >&5
configure:1803: $? = 0
configure:1828: result: 
configure:1834: checking for suffix of object files
configure:1855: gcc -c -UNDEBUG -Wall -pedantic -g -O0 -I/usr/local/Cellar/fftw/3.3.5/include conftest.c >&5
configure:1858: $? = 0
configure:1880: result: o
configure:1884: checking whether we are using the GNU C compiler
configure:1908: gcc -c -UNDEBUG -Wall -pedantic -g -O0 -I/usr/local/Cellar/fftw/3.3.5/include conftest.c >&5
configure:1914: $? = 0
configure:1918: test -z 
			 || test ! -s conftest.err
configure:1921: $? = 0
configure:1924: test -s conftest.o
configure:1927: $? = 0
configure:1940: result: yes
configure:1946: checking whether gcc accepts -g
configure:1967: gcc -c -g -I/usr/local/Cellar/fftw/3.3.5/include conftest.c >&5
configure:1973: $? = 0
configure:1977: test -z 
			 || test ! -s conftest.err
configure:1980: $? = 0
configure:1983: test -s conftest.o
configure:1986: $? = 0
configure:1997: result: yes
configure:2014: checking for gcc option to accept ANSI C
configure:2084: gcc  -c -UNDEBUG -Wall -pedantic -g -O0 -I/usr/local/Cellar/fftw/3.3.5/include conftest.c >&5
configure:2090: $? = 0
configure:2094: test -z 
			 || test ! -s conftest.err
configure:2097: $? = 0
configure:2100: test -s conftest.o
configure:2103: $? = 0
configure:2121: result: none needed
configure:2139: gcc -c -UNDEBUG -Wall -pedantic -g -O0 -I/usr/local/Cellar/fftw/3.3.5/include conftest.c >&5
conftest.c:2:3: error: unknown type name 'choke'
  choke me
  ^
conftest.c:2:11: error: expected ';' after top level declarator
  choke me
          ^
          ;
2 errors generated.
configure:2145: $? = 1
configure: failed program was:
| #ifndef __cplusplus
|   choke me
| #endif
configure:2297: gcc -c -UNDEBUG -Wall -pedantic -g -O0 -I/usr/local/Cellar/fftw/3.3.5/include conftest.c >&5
conftest.c:14:29: warning: unused variable 'plan' [-Wunused-variable]
                  fftw_plan plan;
                            ^
1 warning generated.
configure:2303: $? = 0
configure:2307: test -z 
			 || test ! -s conftest.err
configure:2310: $? = 0
configure:2313: test -s conftest.o
configure:2316: $? = 0
configure:2330: checking for fftw_malloc in -lfftw3
configure:2360: gcc -o conftest -UNDEBUG -Wall -pedantic -g -O0 -I/usr/local/Cellar/fftw/3.3.5/include  conftest.c -lfftw3   >&5
configure:2366: $? = 0
configure:2370: test -z 
			 || test ! -s conftest.err
configure:2373: $? = 0
configure:2376: test -s conftest
configure:2379: $? = 0
configure:2392: result: yes
configure:2440: gcc -o conftest -UNDEBUG -Wall -pedantic -g -O0 -I/usr/local/Cellar/fftw/3.3.5/include  conftest.c -L/usr/local/Cellar/fftw/3.3.5/lib -lfftw3 >&5
conftest.c:15:38: warning: variable 'plan' is uninitialized when used here [-Wuninitialized]
                   fftw_destroy_plan(plan);
                                     ^~~~
conftest.c:14:19: note: initialize the variable 'plan' to silence this warning
    fftw_plan plan;
                  ^
                   = NULL
1 warning generated.
configure:2446: $? = 0
configure:2450: test -z 
			 || test ! -s conftest.err
configure:2453: $? = 0
configure:2456: test -s conftest
configure:2459: $? = 0
configure:2613: creating ./config.status

## ---------------------- ##
## Running config.status. ##
## ---------------------- ##

This file was extended by config.status, which was
generated by GNU Autoconf 2.59.  Invocation command line was

  CONFIG_FILES    = 
  CONFIG_HEADERS  = 
  CONFIG_LINKS    = 
  CONFIG_COMMANDS = 
  $ ./config.status 

on pal-nat186-16-175.itap.purdue.edu

config.status:634: creating src/Makevars

## ---------------- ##
## Cache variables. ##
## ---------------- ##

ac_cv_c_compiler_gnu=yes
ac_cv_env_CC_set=
ac_cv_env_CC_value=
ac_cv_env_CFLAGS_set=set
ac_cv_env_CFLAGS_value='-UNDEBUG -Wall -pedantic -g -O0'
ac_cv_env_CPPFLAGS_set=
ac_cv_env_CPPFLAGS_value=
ac_cv_env_LDFLAGS_set=
ac_cv_env_LDFLAGS_value=
ac_cv_env_build_alias_set=
ac_cv_env_build_alias_value=
ac_cv_env_host_alias_set=
ac_cv_env_host_alias_value=
ac_cv_env_target_alias_set=
ac_cv_env_target_alias_value=
ac_cv_exeext=
ac_cv_lib_fftw3_fftw_malloc=yes
ac_cv_objext=o
ac_cv_path_PKG_CONFIG=/usr/local/bin/pkg-config
ac_cv_prog_ac_ct_CC=gcc
ac_cv_prog_cc_g=yes
ac_cv_prog_cc_stdc=

## ----------------- ##
## Output variables. ##
## ----------------- ##

CC='gcc'
CFLAGS='-UNDEBUG -Wall -pedantic -g -O0'
CPPFLAGS='-I/usr/local/Cellar/fftw/3.3.5/include'
DEFS='-DPACKAGE_NAME=\"\" -DPACKAGE_TARNAME=\"\" -DPACKAGE_VERSION=\"\" -DPACKAGE_STRING=\"\" -DPACKAGE_BUGREPORT=\"\" -DHAVE_LIBFFTW3=1 '
ECHO_C='ECHO_N=''
ECHO_T=''
EXEEXT=''
LDFLAGS=''
LIBOBJS=''
LIBS='-L/usr/local/Cellar/fftw/3.3.5/lib -lfftw3'
LTLIBOBJS=''
OBJEXT='o'
PACKAGE_BUGREPORT=''
PACKAGE_NAME=''
PACKAGE_STRING=''
PACKAGE_TARNAME=''
PACKAGE_VERSION=''
PATH_SEPARATOR=':'
PKG_CONFIG='/usr/local/bin/pkg-config'
PKG_CPPFLAGS='-I/usr/local/Cellar/fftw/3.3.5/include -DNOPROGRESS'
PKG_LIBS='-L/usr/local/Cellar/fftw/3.3.5/lib -lfftw3 -lfftw3'
SHELL='/bin/sh'
ac_ct_CC='gcc'
bindir='${exec_prefix}/bin'
build_alias=''
datadir='${prefix}/share'
exec_prefix='${prefix}'
host_alias=''
includedir='${prefix}/include'
infodir='${prefix}/info'
libdir='${exec_prefix}/lib'
libexecdir='${exec_prefix}/libexec'
localstatedir='${prefix}/var'
mandir='${prefix}/man'
oldincludedir='/usr/include'
prefix='/usr/local'
program_transform_name='s,x,x,'
sbindir='${exec_prefix}/sbin'
sharedstatedir='${prefix}/com'
sysconfdir='${prefix}/etc'
target_alias=''

## ----------- ##
## confdefs.h. ##
## ----------- ##

#define HAVE_LIBFFTW3 1
#define PACKAGE_BUGREPORT ""
#define PACKAGE_NAME ""
#define PACKAGE_STRING ""
#define PACKAGE_TARNAME ""
#define PACKAGE_VERSION ""

configure: exit 0
